New session: 11-15-2019_08:16:53 AM
INFO:root:Starting AQ Monitor
INFO:root:Twilio Client successfully created...
INFO:root:AIO Client successfully created...
INFO:root:Loaded AIO feeds successfully...
ERROR:root:Failed to post to AIO. Not parsing error. Probably trying again in a few seconds...
INFO:twilio.http_client:POST Request: https://api.twilio.com/2010-04-01/Accounts/AC46a0f4b48f6b2e8b6e747655d13989ca/Messages.json
INFO:twilio.http_client:PAYLOAD: {'To': '+12039804506', 'From': '+12567434123', 'Body': 'Air Quality Alert:\nFailed to post to AIO.'}
INFO:twilio.http_client:POST Response: 201 {"sid": "SM1877790aabbd4ff198588e38e0d20220", "date_created": "Fri, 15 Nov 2019 19:16:18 +0000", "date_updated": "Fri, 15 Nov 2019 19:16:18 +0000", "date_sent": null, "account_sid": "AC46a0f4b48f6b2e8b6e747655d13989ca", "to": "+12039804506", "from": "+12567434123", "messaging_service_sid": null, "body": "Air Quality Alert:\nFailed to post to AIO.", "status": "queued", "num_segments": "1", "num_media": "0", "direction": "outbound-api", "api_version": "2010-04-01", "price": null, "price_unit": "USD", "error_code": null, "error_message": null, "uri": "/2010-04-01/Accounts/AC46a0f4b48f6b2e8b6e747655d13989ca/Messages/SM1877790aabbd4ff198588e38e0d20220.json", "subresource_uris": {"media": "/2010-04-01/Accounts/AC46a0f4b48f6b2e8b6e747655d13989ca/Messages/SM1877790aabbd4ff198588e38e0d20220/Media.json"}}
ERROR:root:Failed to post to AIO. Not parsing error. Probably trying again in a few seconds...
INFO:twilio.http_client:POST Request: https://api.twilio.com/2010-04-01/Accounts/AC46a0f4b48f6b2e8b6e747655d13989ca/Messages.json
INFO:twilio.http_client:PAYLOAD: {'To': '+12039804506', 'From': '+12567434123', 'Body': 'Air Quality Alert:\nFailed to post to AIO.'}
ERROR:root:Could not send sms. Check sendAlert
ERROR:root:Failed to post to AIO. Not parsing error. Probably trying again in a few seconds...
INFO:twilio.http_client:POST Request: https://api.twilio.com/2010-04-01/Accounts/AC46a0f4b48f6b2e8b6e747655d13989ca/Messages.json
INFO:twilio.http_client:PAYLOAD: {'To': '+12039804506', 'From': '+12567434123', 'Body': 'Air Quality Alert:\nFailed to post to AIO.'}
ERROR:root:Could not send sms. Check sendAlert
ERROR:root:Failed to post to AIO. Not parsing error. Probably trying again in a few seconds...
INFO:twilio.http_client:POST Request: https://api.twilio.com/2010-04-01/Accounts/AC46a0f4b48f6b2e8b6e747655d13989ca/Messages.json
INFO:twilio.http_client:PAYLOAD: {'To': '+12039804506', 'From': '+12567434123', 'Body': 'Air Quality Alert:\nFailed to post to AIO.'}
ERROR:root:Could not send sms. Check sendAlert
ERROR:root:Failed to post to AIO. Not parsing error. Probably trying again in a few seconds...
INFO:twilio.http_client:POST Request: https://api.twilio.com/2010-04-01/Accounts/AC46a0f4b48f6b2e8b6e747655d13989ca/Messages.json
INFO:twilio.http_client:PAYLOAD: {'To': '+12039804506', 'From': '+12567434123', 'Body': 'Air Quality Alert:\nFailed to post to AIO.'}
ERROR:root:Could not send sms. Check sendAlert
ERROR:root:Failed to post to AIO. Not parsing error. Probably trying again in a few seconds...
INFO:twilio.http_client:POST Request: https://api.twilio.com/2010-04-01/Accounts/AC46a0f4b48f6b2e8b6e747655d13989ca/Messages.json
INFO:twilio.http_client:PAYLOAD: {'To': '+12039804506', 'From': '+12567434123', 'Body': 'Air Quality Alert:\nFailed to post to AIO.'}
ERROR:root:Could not send sms. Check sendAlert
ERROR:root:Failed to post to AIO. Not parsing error. Probably trying again in a few seconds...
INFO:twilio.http_client:POST Request: https://api.twilio.com/2010-04-01/Accounts/AC46a0f4b48f6b2e8b6e747655d13989ca/Messages.json
INFO:twilio.http_client:PAYLOAD: {'To': '+12039804506', 'From': '+12567434123', 'Body': 'Air Quality Alert:\nFailed to post to AIO.'}
ERROR:root:Could not send sms. Check sendAlert
ERROR:root:Failed to post to AIO. Not parsing error. Probably trying again in a few seconds...
INFO:twilio.http_client:POST Request: https://api.twilio.com/2010-04-01/Accounts/AC46a0f4b48f6b2e8b6e747655d13989ca/Messages.json
INFO:twilio.http_client:PAYLOAD: {'To': '+12039804506', 'From': '+12567434123', 'Body': 'Air Quality Alert:\nFailed to post to AIO.'}
ERROR:root:Could not send sms. Check sendAlert
ERROR:root:Failed to post to AIO. Not parsing error. Probably trying again in a few seconds...
INFO:twilio.http_client:POST Request: https://api.twilio.com/2010-04-01/Accounts/AC46a0f4b48f6b2e8b6e747655d13989ca/Messages.json
INFO:twilio.http_client:PAYLOAD: {'To': '+12039804506', 'From': '+12567434123', 'Body': 'Air Quality Alert:\nFailed to post to AIO.'}
ERROR:root:Could not send sms. Check sendAlert
ERROR:root:Failed to post to AIO. Not parsing error. Probably trying again in a few seconds...
INFO:twilio.http_client:POST Request: https://api.twilio.com/2010-04-01/Accounts/AC46a0f4b48f6b2e8b6e747655d13989ca/Messages.json
INFO:twilio.http_client:PAYLOAD: {'To': '+12039804506', 'From': '+12567434123', 'Body': 'Air Quality Alert:\nFailed to post to AIO.'}
INFO:twilio.http_client:POST Response: 201 {"sid": "SM2108f410371f4ba59d92410c1a25027a", "date_created": "Fri, 15 Nov 2019 20:14:45 +0000", "date_updated": "Fri, 15 Nov 2019 20:14:45 +0000", "date_sent": null, "account_sid": "AC46a0f4b48f6b2e8b6e747655d13989ca", "to": "+12039804506", "from": "+12567434123", "messaging_service_sid": null, "body": "Air Quality Alert:\nFailed to post to AIO.", "status": "queued", "num_segments": "1", "num_media": "0", "direction": "outbound-api", "api_version": "2010-04-01", "price": null, "price_unit": "USD", "error_code": null, "error_message": null, "uri": "/2010-04-01/Accounts/AC46a0f4b48f6b2e8b6e747655d13989ca/Messages/SM2108f410371f4ba59d92410c1a25027a.json", "subresource_uris": {"media": "/2010-04-01/Accounts/AC46a0f4b48f6b2e8b6e747655d13989ca/Messages/SM2108f410371f4ba59d92410c1a25027a/Media.json"}}
ERROR:root:Failed to post to AIO. Not parsing error. Probably trying again in a few seconds...
INFO:twilio.http_client:POST Request: https://api.twilio.com/2010-04-01/Accounts/AC46a0f4b48f6b2e8b6e747655d13989ca/Messages.json
INFO:twilio.http_client:PAYLOAD: {'To': '+12039804506', 'From': '+12567434123', 'Body': 'Air Quality Alert:\nFailed to post to AIO.'}
INFO:twilio.http_client:POST Response: 201 {"sid": "SMe6c0e85931bc4a4f85856a0f59548e33", "date_created": "Fri, 15 Nov 2019 20:19:27 +0000", "date_updated": "Fri, 15 Nov 2019 20:19:27 +0000", "date_sent": null, "account_sid": "AC46a0f4b48f6b2e8b6e747655d13989ca", "to": "+12039804506", "from": "+12567434123", "messaging_service_sid": null, "body": "Air Quality Alert:\nFailed to post to AIO.", "status": "queued", "num_segments": "1", "num_media": "0", "direction": "outbound-api", "api_version": "2010-04-01", "price": null, "price_unit": "USD", "error_code": null, "error_message": null, "uri": "/2010-04-01/Accounts/AC46a0f4b48f6b2e8b6e747655d13989ca/Messages/SMe6c0e85931bc4a4f85856a0f59548e33.json", "subresource_uris": {"media": "/2010-04-01/Accounts/AC46a0f4b48f6b2e8b6e747655d13989ca/Messages/SMe6c0e85931bc4a4f85856a0f59548e33/Media.json"}}
ERROR:root:Failed to post to AIO. Not parsing error. Probably trying again in a few seconds...
INFO:twilio.http_client:POST Request: https://api.twilio.com/2010-04-01/Accounts/AC46a0f4b48f6b2e8b6e747655d13989ca/Messages.json
INFO:twilio.http_client:PAYLOAD: {'To': '+12039804506', 'From': '+12567434123', 'Body': 'Air Quality Alert:\nFailed to post to AIO.'}
ERROR:root:Could not send sms. Check sendAlert
ERROR:root:Failed to post to AIO. Not parsing error. Probably trying again in a few seconds...
INFO:twilio.http_client:POST Request: https://api.twilio.com/2010-04-01/Accounts/AC46a0f4b48f6b2e8b6e747655d13989ca/Messages.json
INFO:twilio.http_client:PAYLOAD: {'To': '+12039804506', 'From': '+12567434123', 'Body': 'Air Quality Alert:\nFailed to post to AIO.'}
New session: 11-15-2019_07:14:28 PM
INFO:root:Starting AQ Monitor
INFO:root:Twilio Client successfully created...
INFO:root:AIO Client successfully created...
INFO:root:Loaded AIO feeds successfully...
